<?xml version="1.0" encoding="UTF-8"?>
<!-- Generated by org.testng.reporters.JUnitReportReporter -->
<testsuite skipped="0" hostname="PTLDTP090" name="Demo.Bootstrap_dropdown" tests="1" failures="0" timestamp="23 May 2019 08:22:52 GMT" time="25.217" errors="0">
  <testcase name="dropdown" time="25.217" classname="Demo.Bootstrap_dropdown"/>
</testsuite> <!-- Demo.Bootstrap_dropdown -->
