<?xml version="1.0" encoding="UTF-8"?>
<!-- Generated by org.testng.reporters.JUnitReportReporter -->
<testsuite skipped="0" hostname="PTLDTP090" name="Demo.Webtable2" tests="1" failures="0" timestamp="22 Jul 2019 10:29:48 GMT" time="23.502" errors="0">
  <testcase name="table" time="23.502" classname="Demo.Webtable2"/>
</testsuite> <!-- Demo.Webtable2 -->
