<?xml version="1.0" encoding="UTF-8"?>
<!-- Generated by org.testng.reporters.JUnitReportReporter -->
<testsuite skipped="0" hostname="PTLDTP090" name="Demo.Demodropdown" tests="1" failures="0" timestamp="28 Jun 2019 15:04:05 GMT" time="34.895" errors="0">
  <testcase name="dropdown" time="34.895" classname="Demo.Demodropdown"/>
</testsuite> <!-- Demo.Demodropdown -->
