<?xml version="1.0" encoding="UTF-8"?>
<!-- Generated by org.testng.reporters.JUnitReportReporter -->
<testsuite skipped="0" hostname="PTLDTP090" name="Demo.Googledynamicsearch" tests="1" failures="0" timestamp="25 Jul 2019 08:23:23 GMT" time="19.820" errors="0">
  <testcase name="search" time="19.820" classname="Demo.Googledynamicsearch"/>
</testsuite> <!-- Demo.Googledynamicsearch -->
