<?xml version="1.0" encoding="UTF-8"?>
<!-- Generated by org.testng.reporters.JUnitReportReporter -->
<testsuite skipped="0" hostname="PTLDTP090" name="Demo.Windowhandle" tests="1" failures="0" timestamp="16 Jul 2019 10:22:07 GMT" time="16.359" errors="0">
  <testcase name="window" time="16.359" classname="Demo.Windowhandle"/>
</testsuite> <!-- Demo.Windowhandle -->
