<?xml version="1.0" encoding="UTF-8"?>
<!-- Generated by org.testng.reporters.JUnitReportReporter -->
<testsuite skipped="0" hostname="PTLDTP090" name="Demo.DataProvider" tests="1" failures="0" timestamp="22 Jul 2019 12:04:37 GMT" time="14.573" errors="0">
  <testcase name="Data" time="14.573" classname="Demo.DataProvider"/>
</testsuite> <!-- Demo.DataProvider -->
