<?xml version="1.0" encoding="UTF-8"?>
<!-- Generated by org.testng.reporters.JUnitReportReporter -->
<testsuite skipped="0" hostname="PTLDTP090" name="Demo.Datepicker_New" tests="1" failures="0" timestamp="17 Jul 2019 11:44:45 GMT" time="10.189" errors="0">
  <testcase name="Picker" time="10.189" classname="Demo.Datepicker_New"/>
</testsuite> <!-- Demo.Datepicker_New -->
