<?xml version="1.0" encoding="UTF-8"?>
<!-- Generated by org.testng.reporters.JUnitReportReporter -->
<testsuite skipped="0" hostname="PTLDTP090" name="Demo.a" tests="1" failures="0" timestamp="28 May 2019 12:44:41 GMT" time="12.594" errors="0">
  <testcase name="startTest" time="12.594" classname="Demo.a"/>
</testsuite> <!-- Demo.a -->
