<?xml version="1.0" encoding="UTF-8"?>
<!-- Generated by org.testng.reporters.JUnitReportReporter -->
<testsuite skipped="0" hostname="PTLDTP090" name="Demo.Pageobjectmodel" tests="1" failures="0" timestamp="28 May 2019 12:45:57 GMT" time="9.372" errors="0">
  <testcase name="startTest" time="9.372" classname="Demo.Pageobjectmodel"/>
</testsuite> <!-- Demo.Pageobjectmodel -->
