<?xml version="1.0" encoding="UTF-8"?>
<!-- Generated by org.testng.reporters.JUnitReportReporter -->
<testsuite skipped="0" hostname="PTLDTP090" name="Demo.Imagedisplayed" tests="1" failures="0" timestamp="16 Jul 2019 10:32:30 GMT" time="36.121" errors="0">
  <testcase name="image" time="36.121" classname="Demo.Imagedisplayed"/>
</testsuite> <!-- Demo.Imagedisplayed -->
