<?xml version="1.0" encoding="UTF-8"?>
<!-- Generated by org.testng.reporters.JUnitReportReporter -->
<testsuite skipped="0" hostname="PTLDTP090" name="Demo.Automationdemo_site" tests="2" failures="0" timestamp="18 Jul 2019 12:29:58 GMT" time="35.052" errors="0">
  <testcase name="launch_browser" time="33.900" classname="Demo.Automationdemo_site"/>
  <testcase name="Tooltip" time="1.152" classname="Demo.Automationdemo_site"/>
</testsuite> <!-- Demo.Automationdemo_site -->
