<?xml version="1.0" encoding="UTF-8"?>
<!-- Generated by org.testng.reporters.JUnitReportReporter -->
<testsuite skipped="0" hostname="PTLDTP090" name="Demo.Fontsize" tests="1" failures="0" timestamp="16 Jul 2019 08:09:52 GMT" time="11.322" errors="0">
  <testcase name="textsize" time="11.322" classname="Demo.Fontsize"/>
</testsuite> <!-- Demo.Fontsize -->
