<?xml version="1.0" encoding="UTF-8"?>
<!-- Generated by org.testng.reporters.JUnitReportReporter -->
<testsuite skipped="0" hostname="PTLDTP090" name="Demo.Backgroundcolor" tests="1" failures="0" timestamp="16 Jul 2019 08:02:37 GMT" time="12.538" errors="0">
  <testcase name="Color" time="12.538" classname="Demo.Backgroundcolor"/>
</testsuite> <!-- Demo.Backgroundcolor -->
