<?xml version="1.0" encoding="UTF-8"?>
<!-- Generated by org.testng.reporters.JUnitReportReporter -->
<testsuite skipped="0" hostname="PTLDTP090" name="Demo.Imagesize" tests="1" failures="0" timestamp="16 Jul 2019 07:57:36 GMT" time="9.638" errors="0">
  <testcase name="image" time="9.638" classname="Demo.Imagesize"/>
</testsuite> <!-- Demo.Imagesize -->
